#
# There is insufficient memory for the Java Runtime Environment to continue.
# Native memory allocation (malloc) failed to allocate 540336 bytes. Error detail: Chunk::new
# Possible reasons:
#   The system is out of physical RAM or swap space
#   This process is running with CompressedOops enabled, and the Java Heap may be blocking the growth of the native heap
# Possible solutions:
#   Reduce memory load on the system
#   Increase physical memory or swap space
#   Check if swap backing store is full
#   Decrease Java heap size (-Xmx/-Xms)
#   Decrease number of Java threads
#   Decrease Java thread stack sizes (-Xss)
#   Set larger code cache with -XX:ReservedCodeCacheSize=
#   JVM is running with Unscaled Compressed Oops mode in which the Java heap is
#     placed in the first 4GB address space. The Java Heap base address is the
#     maximum limit for the native heap growth. Please use -XX:HeapBaseMinAddress
#     to set the Java Heap base and to place the Java Heap above 4GB virtual address.
# This output file may be truncated or incomplete.
#
#  Out of Memory Error (arena.cpp:191), pid=7828, tid=12108
#
# JRE version: OpenJDK Runtime Environment Temurin-17.0.11+9 (17.0.11+9) (build 17.0.11+9)
# Java VM: OpenJDK 64-Bit Server VM Temurin-17.0.11+9 (17.0.11+9, mixed mode, tiered, compressed oops, compressed class ptrs, parallel gc, windows-amd64)
# No core dump will be written. Minidumps are not enabled by default on client versions of Windows
#

---------------  S U M M A R Y ------------

Command Line: --add-modules=ALL-SYSTEM --add-opens=java.base/java.util=ALL-UNNAMED --add-opens=java.base/java.lang=ALL-UNNAMED --add-opens=java.base/sun.nio.fs=ALL-UNNAMED -Declipse.application=org.eclipse.jdt.ls.core.id1 -Dosgi.bundles.defaultStartLevel=4 -Declipse.product=org.eclipse.jdt.ls.core.product -Djava.import.generatesMetadataFilesAtProjectRoot=false -DDetectVMInstallationsJob.disabled=true -Dfile.encoding=utf8 -XX:+UseParallelGC -XX:GCTimeRatio=4 -XX:AdaptiveSizePolicyWeight=90 -Dsun.zip.disableMemoryMapping=true -Xmx1G -Xms100m -Xlog:disable -javaagent:c:\Users\Mac\.vscode\extensions\redhat.java-1.31.0-win32-x64\lombok\lombok-1.18.32.jar -XX:+HeapDumpOnOutOfMemoryError -XX:HeapDumpPath=c:\Users\Mac\AppData\Roaming\Code\User\workspaceStorage\58ea509a4ab2f3b9a5b1898c3bd76dc2\redhat.java -Daether.dependencyCollector.impl=bf c:\Users\Mac\.vscode\extensions\redhat.java-1.31.0-win32-x64\server\plugins\org.eclipse.equinox.launcher_1.6.800.v20240513-1750.jar -configuration c:\Users\Mac\AppData\Roaming\Code\User\globalStorage\redhat.java\1.31.0\config_win -data c:\Users\Mac\AppData\Roaming\Code\User\workspaceStorage\58ea509a4ab2f3b9a5b1898c3bd76dc2\redhat.java\jdt_ws --pipe=\\.\pipe\lsp-c78eebe09ec90c0a60fc1c3df6ef1549-sock

Host: 12th Gen Intel(R) Core(TM) i7-12650H, 16 cores, 15G,  Windows 11 , 64 bit Build 22621 (10.0.22621.3672)
Time: Mon Jun 10 22:57:56 2024 RTZ 2 (s 11 , 64 bit Build 22621 (10.0.22621.3672) elapsed time: 6.759172 seconds (0d 0h 0m 6s)

---------------  T H R E A D  ---------------

Current thread (0x0000021761003610):  JavaThread "C2 CompilerThread0" daemon [_thread_in_native, id=12108, stack(0x000000b388700000,0x000000b388800000)]


Current CompileTask:
C2:   6759 4619 %     4       java.util.zip.ZipFile$Source::initCEN @ 240 (591 bytes)

Stack: [0x000000b388700000,0x000000b388800000]
Native frames: (J=compiled Java code, j=interpreted, Vv=VM code, C=native code)
V  [jvm.dll+0x67d429]
V  [jvm.dll+0x834b7a]
V  [jvm.dll+0x83663e]
V  [jvm.dll+0x836ca3]
V  [jvm.dll+0x247dbf]
V  [jvm.dll+0xac534]
V  [jvm.dll+0xacb7c]
V  [jvm.dll+0x366647]
V  [jvm.dll+0x1bd086]
V  [jvm.dll+0x21a5c9]
V  [jvm.dll+0x2198b1]
V  [jvm.dll+0x1a534d]
V  [jvm.dll+0x2295cd]
V  [jvm.dll+0x22779c]
V  [jvm.dll+0x7e9d07]
V  [jvm.dll+0x7e410a]
V  [jvm.dll+0x67c315]
C  [ucrtbase.dll+0x29333]
C  [KERNEL32.DLL+0x1257d]
C  [ntdll.dll+0x5aa48]


---------------  P R O C E S S  ---------------

Threads class SMR info:
_java_thread_list=0x0000021763cf61e0, length=29, elements={
0x0000021747f80db0, 0x000002175be05020, 0x000002175be06450, 0x000002175be0e140,
0x0000021760ff7f00, 0x0000021760ffa240, 0x0000021760ffcc60, 0x0000021761003610,
0x00000217610046c0, 0x000002176100f7b0, 0x0000021761128bc0, 0x0000021761187760,
0x00000217630e6280, 0x000002176399e020, 0x0000021763d7e410, 0x0000021763d7dc90,
0x00000217641d4650, 0x00000217641c7c40, 0x0000021763a64d00, 0x00000217640eaed0,
0x00000217640eb3e0, 0x00000217640ed750, 0x00000217640eb8f0, 0x00000217640ed240,
0x00000217640ec310, 0x0000021764bec6d0, 0x0000021764beb190, 0x0000021764beb6e0,
0x00000217640ee170
}

Java Threads: ( => current thread )
  0x0000021747f80db0 JavaThread "main" [_thread_in_vm, id=28564, stack(0x000000b387e00000,0x000000b387f00000)]
  0x000002175be05020 JavaThread "Reference Handler" daemon [_thread_blocked, id=18912, stack(0x000000b388100000,0x000000b388200000)]
  0x000002175be06450 JavaThread "Finalizer" daemon [_thread_blocked, id=30164, stack(0x000000b388200000,0x000000b388300000)]
  0x000002175be0e140 JavaThread "Signal Dispatcher" daemon [_thread_blocked, id=30328, stack(0x000000b388300000,0x000000b388400000)]
  0x0000021760ff7f00 JavaThread "Attach Listener" daemon [_thread_blocked, id=29608, stack(0x000000b388400000,0x000000b388500000)]
  0x0000021760ffa240 JavaThread "Service Thread" daemon [_thread_blocked, id=20968, stack(0x000000b388500000,0x000000b388600000)]
  0x0000021760ffcc60 JavaThread "Monitor Deflation Thread" daemon [_thread_blocked, id=29584, stack(0x000000b388600000,0x000000b388700000)]
=>0x0000021761003610 JavaThread "C2 CompilerThread0" daemon [_thread_in_native, id=12108, stack(0x000000b388700000,0x000000b388800000)]
  0x00000217610046c0 JavaThread "C1 CompilerThread0" daemon [_thread_in_native, id=28156, stack(0x000000b388800000,0x000000b388900000)]
  0x000002176100f7b0 JavaThread "Sweeper thread" daemon [_thread_blocked, id=12400, stack(0x000000b388900000,0x000000b388a00000)]
  0x0000021761128bc0 JavaThread "Common-Cleaner" daemon [_thread_blocked, id=20012, stack(0x000000b388a00000,0x000000b388b00000)]
  0x0000021761187760 JavaThread "C1 CompilerThread1" daemon [_thread_blocked, id=9116, stack(0x000000b388b00000,0x000000b388c00000)]
  0x00000217630e6280 JavaThread "Notification Thread" daemon [_thread_blocked, id=30124, stack(0x000000b389000000,0x000000b389100000)]
  0x000002176399e020 JavaThread "Active Thread: Equinox Container: cf6b2458-3d18-46d3-a848-1f3908122510" [_thread_blocked, id=29172, stack(0x000000b389800000,0x000000b389900000)]
  0x0000021763d7e410 JavaThread "Framework Event Dispatcher: Equinox Container: cf6b2458-3d18-46d3-a848-1f3908122510" daemon [_thread_blocked, id=28888, stack(0x000000b389900000,0x000000b389a00000)]
  0x0000021763d7dc90 JavaThread "Start Level: Equinox Container: cf6b2458-3d18-46d3-a848-1f3908122510" daemon [_thread_blocked, id=28944, stack(0x000000b389a00000,0x000000b389b00000)]
  0x00000217641d4650 JavaThread "Bundle File Closer" daemon [_thread_blocked, id=27116, stack(0x000000b389d00000,0x000000b389e00000)]
  0x00000217641c7c40 JavaThread "SCR Component Actor" daemon [_thread_blocked, id=24256, stack(0x000000b389f00000,0x000000b38a000000)]
  0x0000021763a64d00 JavaThread "SCR Component Registry" daemon [_thread_blocked, id=24016, stack(0x000000b38a000000,0x000000b38a100000)]
  0x00000217640eaed0 JavaThread "Worker-JM" [_thread_blocked, id=30252, stack(0x000000b38a200000,0x000000b38a300000)]
  0x00000217640eb3e0 JavaThread "Worker-0: Updating Maven Dependencies" [_thread_blocked, id=21944, stack(0x000000b388d00000,0x000000b388e00000)]
  0x00000217640ed750 JavaThread "Worker-1: Repository registry initialization" [_thread_in_Java, id=28676, stack(0x000000b38a400000,0x000000b38a500000)]
  0x00000217640eb8f0 JavaThread "Worker-2" [_thread_blocked, id=18500, stack(0x000000b388f00000,0x000000b389000000)]
  0x00000217640ed240 JavaThread "Java indexing" daemon [_thread_blocked, id=22804, stack(0x000000b388c00000,0x000000b388d00000)]
  0x00000217640ec310 JavaThread "Worker-3" [_thread_blocked, id=21600, stack(0x000000b38a500000,0x000000b38a600000)]
  0x0000021764bec6d0 JavaThread "C2 CompilerThread1" daemon [_thread_in_native, id=18384, stack(0x000000b38a600000,0x000000b38a700000)]
  0x0000021764beb190 JavaThread "C1 CompilerThread2" daemon [_thread_blocked, id=27584, stack(0x000000b38a700000,0x000000b38a800000)]
  0x0000021764beb6e0 JavaThread "C1 CompilerThread3" daemon [_thread_blocked, id=21340, stack(0x000000b38a800000,0x000000b38a900000)]
  0x00000217640ee170 JavaThread "JNA Cleaner" daemon [_thread_blocked, id=23640, stack(0x000000b38a900000,0x000000b38aa00000)]

Other Threads:
  0x000002174802e7d0 VMThread "VM Thread" [stack: 0x000000b388000000,0x000000b388100000] [id=30152]
  0x00000217631a0230 WatcherThread [stack: 0x000000b389100000,0x000000b389200000] [id=9016]
  0x0000021747f96890 GCTaskThread "GC Thread#0" [stack: 0x000000b387f00000,0x000000b388000000] [id=16688]
  0x0000021763768ff0 GCTaskThread "GC Thread#1" [stack: 0x000000b389300000,0x000000b389400000] [id=29784]
  0x000002176376a2d0 GCTaskThread "GC Thread#2" [stack: 0x000000b389400000,0x000000b389500000] [id=28692]
  0x000002176376a590 GCTaskThread "GC Thread#3" [stack: 0x000000b389500000,0x000000b389600000] [id=30204]
  0x000002176376ac60 GCTaskThread "GC Thread#4" [stack: 0x000000b389600000,0x000000b389700000] [id=30440]
  0x0000021763cbea80 GCTaskThread "GC Thread#5" [stack: 0x000000b389700000,0x000000b389800000] [id=29532]
  0x0000021763cbe500 GCTaskThread "GC Thread#6" [stack: 0x000000b389b00000,0x000000b389c00000] [id=28160]
  0x0000021763cbd480 GCTaskThread "GC Thread#7" [stack: 0x000000b389c00000,0x000000b389d00000] [id=28128]
  0x0000021763cbda00 GCTaskThread "GC Thread#8" [stack: 0x000000b389e00000,0x000000b389f00000] [id=27008]
  0x0000021763cbdf80 GCTaskThread "GC Thread#9" [stack: 0x000000b388e00000,0x000000b388f00000] [id=12100]
  0x0000021763cbf000 GCTaskThread "GC Thread#10" [stack: 0x000000b389200000,0x000000b389300000] [id=26744]
  0x0000021763cbdcc0 GCTaskThread "GC Thread#11" [stack: 0x000000b38a100000,0x000000b38a200000] [id=29156]
  0x0000021763cbe240 GCTaskThread "GC Thread#12" [stack: 0x000000b38a300000,0x000000b38a400000] [id=29352]

Threads with active compile tasks:
C2 CompilerThread0     6779 4619 %     4       java.util.zip.ZipFile$Source::initCEN @ 240 (591 bytes)
C1 CompilerThread0     6779 4741       3       org.eclipse.sisu.space.asm.ClassReader::accept (1401 bytes)
C2 CompilerThread1     6779 4595       4       org.eclipse.osgi.internal.serviceregistry.ServiceRegistry::notifyHooksPrivileged (58 bytes)
C1 CompilerThread2     6779 4750   !   3       org.eclipse.osgi.storage.bundlefile.CloseableBundleFile$BundleEntryInputStream::available (12 bytes)

VM state: not at safepoint (normal execution)

VM Mutex/Monitor currently owned by a thread: None

Heap address: 0x00000000c0000000, size: 1024 MB, Compressed Oops mode: 32-bit

CDS archive(s) not mapped
Compressed class space mapped at: 0x0000000100000000-0x0000000140000000, reserved size: 1073741824
Narrow klass base: 0x0000000000000000, Narrow klass shift: 3, Narrow klass range: 0x140000000

GC Precious Log:
 CPUs: 16 total, 16 available
 Memory: 15999M
 Large Page Support: Disabled
 NUMA Support: Disabled
 Compressed Oops: Enabled (32-bit)
 Alignments: Space 512K, Generation 512K, Heap 2M
 Heap Min Capacity: 100M
 Heap Initial Capacity: 100M
 Heap Max Capacity: 1G
 Pre-touch: Disabled
 Parallel Workers: 13

Heap:
 PSYoungGen      total 24576K, used 22935K [0x00000000eab00000, 0x00000000ec600000, 0x0000000100000000)
  eden space 23040K, 94% used [0x00000000eab00000,0x00000000ec05dd20,0x00000000ec180000)
  from space 1536K, 68% used [0x00000000ec480000,0x00000000ec588000,0x00000000ec600000)
  to   space 1536K, 0% used [0x00000000ec300000,0x00000000ec300000,0x00000000ec480000)
 ParOldGen       total 68608K, used 14586K [0x00000000c0000000, 0x00000000c4300000, 0x00000000eab00000)
  object space 68608K, 21% used [0x00000000c0000000,0x00000000c0e3ea38,0x00000000c4300000)
 Metaspace       used 40245K, committed 41088K, reserved 1114112K
  class space    used 4090K, committed 4416K, reserved 1048576K

Card table byte_map: [0x0000021747940000,0x0000021747b50000] _byte_map_base: 0x0000021747340000

Marking Bits: (ParMarkBitMap*) 0x00007ffeeb60d820
 Begin Bits: [0x0000021759c10000, 0x000002175ac10000)
 End Bits:   [0x000002175ac10000, 0x000002175bc10000)

Polling page: 0x0000021747730000

Metaspace:

Usage:
  Non-class:     35.31 MB used.
      Class:      3.99 MB used.
       Both:     39.30 MB used.

Virtual space:
  Non-class space:       64.00 MB reserved,      35.81 MB ( 56%) committed,  1 nodes.
      Class space:        1.00 GB reserved,       4.31 MB ( <1%) committed,  1 nodes.
             Both:        1.06 GB reserved,      40.12 MB (  4%) committed. 

Chunk freelists:
   Non-Class:  11.78 MB
       Class:  11.64 MB
        Both:  23.42 MB

MaxMetaspaceSize: unlimited
CompressedClassSpaceSize: 1.00 GB
Initial GC threshold: 21.00 MB
Current GC threshold: 58.38 MB
CDS: off
MetaspaceReclaimPolicy: balanced
 - commit_granule_bytes: 65536.
 - commit_granule_words: 8192.
 - virtual_space_node_default_size: 8388608.
 - enlarge_chunks_in_place: 1.
 - new_chunks_are_fully_committed: 0.
 - uncommit_free_chunks: 1.
 - use_allocation_guard: 0.
 - handle_deallocations: 1.


Internal statistics:

num_allocs_failed_limit: 8.
num_arena_births: 472.
num_arena_deaths: 14.
num_vsnodes_births: 2.
num_vsnodes_deaths: 0.
num_space_committed: 642.
num_space_uncommitted: 0.
num_chunks_returned_to_freelist: 22.
num_chunks_taken_from_freelist: 1823.
num_chunk_merges: 5.
num_chunk_splits: 1150.
num_chunks_enlarged: 723.
num_inconsistent_stats: 0.

CodeHeap 'non-profiled nmethods': size=119168Kb used=2140Kb max_used=2140Kb free=117027Kb
 bounds [0x00000217527b0000, 0x0000021752a20000, 0x0000021759c10000]
CodeHeap 'profiled nmethods': size=119104Kb used=10456Kb max_used=10456Kb free=108647Kb
 bounds [0x000002174ac10000, 0x000002174b650000, 0x0000021752060000]
CodeHeap 'non-nmethods': size=7488Kb used=2959Kb max_used=2985Kb free=4528Kb
 bounds [0x0000021752060000, 0x00000217523d0000, 0x00000217527b0000]
 total_blobs=5330 nmethods=4738 adapters=503
 compilation: enabled
              stopped_count=0, restarted_count=0
 full_count=0

Compilation events (20 events):
Event: 6.747 Thread 0x0000021764beb6e0 4696       3       org.eclipse.sisu.space.asm.ClassReader::getFirstAttributeOffset (136 bytes)
Event: 6.747 Thread 0x00000217610046c0 nmethod 4694 0x000002174b61e290 code [0x000002174b61e6a0, 0x000002174b620268]
Event: 6.747 Thread 0x0000021764beb6e0 nmethod 4696 0x000002174b620d10 code [0x000002174b620f40, 0x000002174b6215c8]
Event: 6.747 Thread 0x0000021764beb6e0 4697  s    3       org.eclipse.osgi.internal.loader.sources.NullPackageSource::getNullPackageSource (41 bytes)
Event: 6.747 Thread 0x0000021764beb6e0 nmethod 4697 0x000002174b621890 code [0x000002174b621aa0, 0x000002174b622148]
Event: 6.748 Thread 0x0000021764beb6e0 4698       3       jdk.internal.loader.AbstractClassLoaderValue::sub (10 bytes)
Event: 6.748 Thread 0x0000021764beb190 4699       3       jdk.internal.loader.AbstractClassLoaderValue$Sub::<init> (15 bytes)
Event: 6.748 Thread 0x0000021761187760 4700       3       com.google.common.cache.LocalCache::recordsAccess (5 bytes)
Event: 6.748 Thread 0x0000021764beb190 nmethod 4699 0x000002174b622390 code [0x000002174b622540, 0x000002174b622738]
Event: 6.748 Thread 0x0000021764beb6e0 nmethod 4698 0x000002174b622810 code [0x000002174b6229c0, 0x000002174b622c78]
Event: 6.748 Thread 0x0000021761187760 nmethod 4700 0x000002174b622d90 code [0x000002174b622f20, 0x000002174b623118]
Event: 6.749 Thread 0x0000021764beb6e0 4701       3       java.lang.Class::isAnnotation (17 bytes)
Event: 6.750 Thread 0x0000021764beb6e0 nmethod 4701 0x000002174b623210 code [0x000002174b6233a0, 0x000002174b623538]
Event: 6.751 Thread 0x0000021764beb190 4702   !   3       jdk.internal.loader.AbstractClassLoaderValue::computeIfAbsent (113 bytes)
Event: 6.753 Thread 0x0000021764beb190 nmethod 4702 0x000002174b623610 code [0x000002174b6238c0, 0x000002174b624628]
Event: 6.757 Thread 0x0000021764beb190 4703       3       java.util.concurrent.atomic.AtomicReferenceArray::get (12 bytes)
Event: 6.757 Thread 0x0000021761187760 4704       3       java.lang.invoke.VarHandleGuards::guard_LI_L (89 bytes)
Event: 6.757 Thread 0x00000217610046c0 4706       3       java.util.AbstractQueue::add (20 bytes)
Event: 6.757 Thread 0x0000021764beb6e0 4705       3       java.lang.invoke.VarHandleReferences$Array::getVolatile (49 bytes)
Event: 6.758 Thread 0x00000217610046c0 nmethod 4706 0x000002174b624c90 code [0x000002174b624e40, 0x000002174b625118]

GC Heap History (20 events):
Event: 2.297 GC heap before
{Heap before GC invocations=5 (full 0):
 PSYoungGen      total 29696K, used 13407K [0x00000000eab00000, 0x00000000ecc00000, 0x0000000100000000)
  eden space 25600K, 36% used [0x00000000eab00000,0x00000000eb41e718,0x00000000ec400000)
  from space 4096K, 99% used [0x00000000ec800000,0x00000000ecbf9548,0x00000000ecc00000)
  to   space 4096K, 0% used [0x00000000ec400000,0x00000000ec400000,0x00000000ec800000)
 ParOldGen       total 68608K, used 6256K [0x00000000c0000000, 0x00000000c4300000, 0x00000000eab00000)
  object space 68608K, 9% used [0x00000000c0000000,0x00000000c061c280,0x00000000c4300000)
 Metaspace       used 21057K, committed 21504K, reserved 1114112K
  class space    used 2102K, committed 2304K, reserved 1048576K
}
Event: 2.300 GC heap after
{Heap after GC invocations=5 (full 0):
 PSYoungGen      total 29696K, used 4074K [0x00000000eab00000, 0x00000000ece00000, 0x0000000100000000)
  eden space 25600K, 0% used [0x00000000eab00000,0x00000000eab00000,0x00000000ec400000)
  from space 4096K, 99% used [0x00000000ec400000,0x00000000ec7faaa8,0x00000000ec800000)
  to   space 5120K, 0% used [0x00000000ec900000,0x00000000ec900000,0x00000000ece00000)
 ParOldGen       total 68608K, used 6720K [0x00000000c0000000, 0x00000000c4300000, 0x00000000eab00000)
  object space 68608K, 9% used [0x00000000c0000000,0x00000000c0690090,0x00000000c4300000)
 Metaspace       used 21057K, committed 21504K, reserved 1114112K
  class space    used 2102K, committed 2304K, reserved 1048576K
}
Event: 2.300 GC heap before
{Heap before GC invocations=6 (full 1):
 PSYoungGen      total 29696K, used 4074K [0x00000000eab00000, 0x00000000ece00000, 0x0000000100000000)
  eden space 25600K, 0% used [0x00000000eab00000,0x00000000eab00000,0x00000000ec400000)
  from space 4096K, 99% used [0x00000000ec400000,0x00000000ec7faaa8,0x00000000ec800000)
  to   space 5120K, 0% used [0x00000000ec900000,0x00000000ec900000,0x00000000ece00000)
 ParOldGen       total 68608K, used 6720K [0x00000000c0000000, 0x00000000c4300000, 0x00000000eab00000)
  object space 68608K, 9% used [0x00000000c0000000,0x00000000c0690090,0x00000000c4300000)
 Metaspace       used 21057K, committed 21504K, reserved 1114112K
  class space    used 2102K, committed 2304K, reserved 1048576K
}
Event: 2.325 GC heap after
{Heap after GC invocations=6 (full 1):
 PSYoungGen      total 29696K, used 0K [0x00000000eab00000, 0x00000000ece00000, 0x0000000100000000)
  eden space 25600K, 0% used [0x00000000eab00000,0x00000000eab00000,0x00000000ec400000)
  from space 4096K, 0% used [0x00000000ec400000,0x00000000ec400000,0x00000000ec800000)
  to   space 5120K, 0% used [0x00000000ec900000,0x00000000ec900000,0x00000000ece00000)
 ParOldGen       total 68608K, used 10461K [0x00000000c0000000, 0x00000000c4300000, 0x00000000eab00000)
  object space 68608K, 15% used [0x00000000c0000000,0x00000000c0a375b8,0x00000000c4300000)
 Metaspace       used 21057K, committed 21504K, reserved 1114112K
  class space    used 2102K, committed 2304K, reserved 1048576K
}
Event: 2.750 GC heap before
{Heap before GC invocations=7 (full 1):
 PSYoungGen      total 29696K, used 25600K [0x00000000eab00000, 0x00000000ece00000, 0x0000000100000000)
  eden space 25600K, 100% used [0x00000000eab00000,0x00000000ec400000,0x00000000ec400000)
  from space 4096K, 0% used [0x00000000ec400000,0x00000000ec400000,0x00000000ec800000)
  to   space 5120K, 0% used [0x00000000ec900000,0x00000000ec900000,0x00000000ece00000)
 ParOldGen       total 68608K, used 10461K [0x00000000c0000000, 0x00000000c4300000, 0x00000000eab00000)
  object space 68608K, 15% used [0x00000000c0000000,0x00000000c0a375b8,0x00000000c4300000)
 Metaspace       used 24241K, committed 24768K, reserved 1114112K
  class space    used 2431K, committed 2624K, reserved 1048576K
}
Event: 2.752 GC heap after
{Heap after GC invocations=7 (full 1):
 PSYoungGen      total 26624K, used 1517K [0x00000000eab00000, 0x00000000eca80000, 0x0000000100000000)
  eden space 25088K, 0% used [0x00000000eab00000,0x00000000eab00000,0x00000000ec380000)
  from space 1536K, 98% used [0x00000000ec900000,0x00000000eca7b788,0x00000000eca80000)
  to   space 3072K, 0% used [0x00000000ec480000,0x00000000ec480000,0x00000000ec780000)
 ParOldGen       total 68608K, used 10469K [0x00000000c0000000, 0x00000000c4300000, 0x00000000eab00000)
  object space 68608K, 15% used [0x00000000c0000000,0x00000000c0a395b8,0x00000000c4300000)
 Metaspace       used 24241K, committed 24768K, reserved 1114112K
  class space    used 2431K, committed 2624K, reserved 1048576K
}
Event: 3.239 GC heap before
{Heap before GC invocations=8 (full 1):
 PSYoungGen      total 26624K, used 26549K [0x00000000eab00000, 0x00000000eca80000, 0x0000000100000000)
  eden space 25088K, 99% used [0x00000000eab00000,0x00000000ec371e80,0x00000000ec380000)
  from space 1536K, 98% used [0x00000000ec900000,0x00000000eca7b788,0x00000000eca80000)
  to   space 3072K, 0% used [0x00000000ec480000,0x00000000ec480000,0x00000000ec780000)
 ParOldGen       total 68608K, used 10469K [0x00000000c0000000, 0x00000000c4300000, 0x00000000eab00000)
  object space 68608K, 15% used [0x00000000c0000000,0x00000000c0a395b8,0x00000000c4300000)
 Metaspace       used 27225K, committed 27840K, reserved 1114112K
  class space    used 2736K, committed 2944K, reserved 1048576K
}
Event: 3.240 GC heap after
{Heap after GC invocations=8 (full 1):
 PSYoungGen      total 27648K, used 3052K [0x00000000eab00000, 0x00000000ecc00000, 0x0000000100000000)
  eden space 24576K, 0% used [0x00000000eab00000,0x00000000eab00000,0x00000000ec300000)
  from space 3072K, 99% used [0x00000000ec480000,0x00000000ec77b380,0x00000000ec780000)
  to   space 4608K, 0% used [0x00000000ec780000,0x00000000ec780000,0x00000000ecc00000)
 ParOldGen       total 68608K, used 11122K [0x00000000c0000000, 0x00000000c4300000, 0x00000000eab00000)
  object space 68608K, 16% used [0x00000000c0000000,0x00000000c0adc808,0x00000000c4300000)
 Metaspace       used 27225K, committed 27840K, reserved 1114112K
  class space    used 2736K, committed 2944K, reserved 1048576K
}
Event: 4.572 GC heap before
{Heap before GC invocations=9 (full 1):
 PSYoungGen      total 27648K, used 27585K [0x00000000eab00000, 0x00000000ecc00000, 0x0000000100000000)
  eden space 24576K, 99% used [0x00000000eab00000,0x00000000ec2f5310,0x00000000ec300000)
  from space 3072K, 99% used [0x00000000ec480000,0x00000000ec77b380,0x00000000ec780000)
  to   space 4608K, 0% used [0x00000000ec780000,0x00000000ec780000,0x00000000ecc00000)
 ParOldGen       total 68608K, used 11122K [0x00000000c0000000, 0x00000000c4300000, 0x00000000eab00000)
  object space 68608K, 16% used [0x00000000c0000000,0x00000000c0adc808,0x00000000c4300000)
 Metaspace       used 29716K, committed 30336K, reserved 1114112K
  class space    used 2917K, committed 3136K, reserved 1048576K
}
Event: 4.573 GC heap after
{Heap after GC invocations=9 (full 1):
 PSYoungGen      total 27136K, used 2841K [0x00000000eab00000, 0x00000000eca80000, 0x0000000100000000)
  eden space 24064K, 0% used [0x00000000eab00000,0x00000000eab00000,0x00000000ec280000)
  from space 3072K, 92% used [0x00000000ec780000,0x00000000eca464e0,0x00000000eca80000)
  to   space 3584K, 0% used [0x00000000ec380000,0x00000000ec380000,0x00000000ec700000)
 ParOldGen       total 68608K, used 11130K [0x00000000c0000000, 0x00000000c4300000, 0x00000000eab00000)
  object space 68608K, 16% used [0x00000000c0000000,0x00000000c0ade808,0x00000000c4300000)
 Metaspace       used 29716K, committed 30336K, reserved 1114112K
  class space    used 2917K, committed 3136K, reserved 1048576K
}
Event: 4.863 GC heap before
{Heap before GC invocations=10 (full 1):
 PSYoungGen      total 27136K, used 26905K [0x00000000eab00000, 0x00000000eca80000, 0x0000000100000000)
  eden space 24064K, 100% used [0x00000000eab00000,0x00000000ec280000,0x00000000ec280000)
  from space 3072K, 92% used [0x00000000ec780000,0x00000000eca464e0,0x00000000eca80000)
  to   space 3584K, 0% used [0x00000000ec380000,0x00000000ec380000,0x00000000ec700000)
 ParOldGen       total 68608K, used 11130K [0x00000000c0000000, 0x00000000c4300000, 0x00000000eab00000)
  object space 68608K, 16% used [0x00000000c0000000,0x00000000c0ade840,0x00000000c4300000)
 Metaspace       used 33034K, committed 33664K, reserved 1114112K
  class space    used 3274K, committed 3520K, reserved 1048576K
}
Event: 4.865 GC heap after
{Heap after GC invocations=10 (full 1):
 PSYoungGen      total 26112K, used 1970K [0x00000000eab00000, 0x00000000ec800000, 0x0000000100000000)
  eden space 24064K, 0% used [0x00000000eab00000,0x00000000eab00000,0x00000000ec280000)
  from space 2048K, 96% used [0x00000000ec380000,0x00000000ec56cbb0,0x00000000ec580000)
  to   space 2560K, 0% used [0x00000000ec580000,0x00000000ec580000,0x00000000ec800000)
 ParOldGen       total 68608K, used 12200K [0x00000000c0000000, 0x00000000c4300000, 0x00000000eab00000)
  object space 68608K, 17% used [0x00000000c0000000,0x00000000c0bea380,0x00000000c4300000)
 Metaspace       used 33034K, committed 33664K, reserved 1114112K
  class space    used 3274K, committed 3520K, reserved 1048576K
}
Event: 5.202 GC heap before
{Heap before GC invocations=11 (full 1):
 PSYoungGen      total 26112K, used 26034K [0x00000000eab00000, 0x00000000ec800000, 0x0000000100000000)
  eden space 24064K, 100% used [0x00000000eab00000,0x00000000ec280000,0x00000000ec280000)
  from space 2048K, 96% used [0x00000000ec380000,0x00000000ec56cbb0,0x00000000ec580000)
  to   space 2560K, 0% used [0x00000000ec580000,0x00000000ec580000,0x00000000ec800000)
 ParOldGen       total 68608K, used 12202K [0x00000000c0000000, 0x00000000c4300000, 0x00000000eab00000)
  object space 68608K, 17% used [0x00000000c0000000,0x00000000c0beabd0,0x00000000c4300000)
 Metaspace       used 34575K, committed 35264K, reserved 1114112K
  class space    used 3442K, committed 3712K, reserved 1048576K
}
Event: 5.205 GC heap after
{Heap after GC invocations=11 (full 1):
 PSYoungGen      total 26112K, used 2408K [0x00000000eab00000, 0x00000000ec800000, 0x0000000100000000)
  eden space 23552K, 0% used [0x00000000eab00000,0x00000000eab00000,0x00000000ec200000)
  from space 2560K, 94% used [0x00000000ec580000,0x00000000ec7da2b0,0x00000000ec800000)
  to   space 2560K, 0% used [0x00000000ec300000,0x00000000ec300000,0x00000000ec580000)
 ParOldGen       total 68608K, used 13768K [0x00000000c0000000, 0x00000000c4300000, 0x00000000eab00000)
  object space 68608K, 20% used [0x00000000c0000000,0x00000000c0d723b8,0x00000000c4300000)
 Metaspace       used 34575K, committed 35264K, reserved 1114112K
  class space    used 3442K, committed 3712K, reserved 1048576K
}
Event: 5.952 GC heap before
{Heap before GC invocations=12 (full 1):
 PSYoungGen      total 26112K, used 7926K [0x00000000eab00000, 0x00000000ec800000, 0x0000000100000000)
  eden space 23552K, 23% used [0x00000000eab00000,0x00000000eb063658,0x00000000ec200000)
  from space 2560K, 94% used [0x00000000ec580000,0x00000000ec7da2b0,0x00000000ec800000)
  to   space 2560K, 0% used [0x00000000ec300000,0x00000000ec300000,0x00000000ec580000)
 ParOldGen       total 68608K, used 13768K [0x00000000c0000000, 0x00000000c4300000, 0x00000000eab00000)
  object space 68608K, 20% used [0x00000000c0000000,0x00000000c0d723b8,0x00000000c4300000)
 Metaspace       used 35155K, committed 35840K, reserved 1114112K
  class space    used 3501K, committed 3776K, reserved 1048576K
}
Event: 5.955 GC heap after
{Heap after GC invocations=12 (full 1):
 PSYoungGen      total 24576K, used 726K [0x00000000eab00000, 0x00000000ec600000, 0x0000000100000000)
  eden space 23552K, 0% used [0x00000000eab00000,0x00000000eab00000,0x00000000ec200000)
  from space 1024K, 70% used [0x00000000ec300000,0x00000000ec3b5908,0x00000000ec400000)
  to   space 1536K, 0% used [0x00000000ec480000,0x00000000ec480000,0x00000000ec600000)
 ParOldGen       total 68608K, used 16025K [0x00000000c0000000, 0x00000000c4300000, 0x00000000eab00000)
  object space 68608K, 23% used [0x00000000c0000000,0x00000000c0fa65f8,0x00000000c4300000)
 Metaspace       used 35155K, committed 35840K, reserved 1114112K
  class space    used 3501K, committed 3776K, reserved 1048576K
}
Event: 5.955 GC heap before
{Heap before GC invocations=13 (full 2):
 PSYoungGen      total 24576K, used 726K [0x00000000eab00000, 0x00000000ec600000, 0x0000000100000000)
  eden space 23552K, 0% used [0x00000000eab00000,0x00000000eab00000,0x00000000ec200000)
  from space 1024K, 70% used [0x00000000ec300000,0x00000000ec3b5908,0x00000000ec400000)
  to   space 1536K, 0% used [0x00000000ec480000,0x00000000ec480000,0x00000000ec600000)
 ParOldGen       total 68608K, used 16025K [0x00000000c0000000, 0x00000000c4300000, 0x00000000eab00000)
  object space 68608K, 23% used [0x00000000c0000000,0x00000000c0fa65f8,0x00000000c4300000)
 Metaspace       used 35155K, committed 35840K, reserved 1114112K
  class space    used 3501K, committed 3776K, reserved 1048576K
}
Event: 5.992 GC heap after
{Heap after GC invocations=13 (full 2):
 PSYoungGen      total 24576K, used 0K [0x00000000eab00000, 0x00000000ec600000, 0x0000000100000000)
  eden space 23552K, 0% used [0x00000000eab00000,0x00000000eab00000,0x00000000ec200000)
  from space 1024K, 0% used [0x00000000ec300000,0x00000000ec300000,0x00000000ec400000)
  to   space 1536K, 0% used [0x00000000ec480000,0x00000000ec480000,0x00000000ec600000)
 ParOldGen       total 68608K, used 14578K [0x00000000c0000000, 0x00000000c4300000, 0x00000000eab00000)
  object space 68608K, 21% used [0x00000000c0000000,0x00000000c0e3ca38,0x00000000c4300000)
 Metaspace       used 35142K, committed 35840K, reserved 1114112K
  class space    used 3497K, committed 3776K, reserved 1048576K
}
Event: 6.574 GC heap before
{Heap before GC invocations=14 (full 2):
 PSYoungGen      total 24576K, used 23552K [0x00000000eab00000, 0x00000000ec600000, 0x0000000100000000)
  eden space 23552K, 100% used [0x00000000eab00000,0x00000000ec200000,0x00000000ec200000)
  from space 1024K, 0% used [0x00000000ec300000,0x00000000ec300000,0x00000000ec400000)
  to   space 1536K, 0% used [0x00000000ec480000,0x00000000ec480000,0x00000000ec600000)
 ParOldGen       total 68608K, used 14578K [0x00000000c0000000, 0x00000000c4300000, 0x00000000eab00000)
  object space 68608K, 21% used [0x00000000c0000000,0x00000000c0e3ca38,0x00000000c4300000)
 Metaspace       used 38003K, committed 38784K, reserved 1114112K
  class space    used 3828K, committed 4160K, reserved 1048576K
}
Event: 6.575 GC heap after
{Heap after GC invocations=14 (full 2):
 PSYoungGen      total 24576K, used 1056K [0x00000000eab00000, 0x00000000ec600000, 0x0000000100000000)
  eden space 23040K, 0% used [0x00000000eab00000,0x00000000eab00000,0x00000000ec180000)
  from space 1536K, 68% used [0x00000000ec480000,0x00000000ec588000,0x00000000ec600000)
  to   space 1536K, 0% used [0x00000000ec300000,0x00000000ec300000,0x00000000ec480000)
 ParOldGen       total 68608K, used 14586K [0x00000000c0000000, 0x00000000c4300000, 0x00000000eab00000)
  object space 68608K, 21% used [0x00000000c0000000,0x00000000c0e3ea38,0x00000000c4300000)
 Metaspace       used 38003K, committed 38784K, reserved 1114112K
  class space    used 3828K, committed 4160K, reserved 1048576K
}

Dll operation events (10 events):
Event: 0.008 Loaded shared library c:\Users\Mac\.vscode\extensions\redhat.java-1.31.0-win32-x64\jre\17.0.11-win32-x86_64\bin\java.dll
Event: 0.143 Loaded shared library c:\Users\Mac\.vscode\extensions\redhat.java-1.31.0-win32-x64\jre\17.0.11-win32-x86_64\bin\zip.dll
Event: 0.147 Loaded shared library C:\Users\Mac\.vscode\extensions\redhat.java-1.31.0-win32-x64\jre\17.0.11-win32-x86_64\bin\instrument.dll
Event: 0.160 Loaded shared library C:\Users\Mac\.vscode\extensions\redhat.java-1.31.0-win32-x64\jre\17.0.11-win32-x86_64\bin\net.dll
Event: 0.162 Loaded shared library C:\Users\Mac\.vscode\extensions\redhat.java-1.31.0-win32-x64\jre\17.0.11-win32-x86_64\bin\nio.dll
Event: 0.171 Loaded shared library C:\Users\Mac\.vscode\extensions\redhat.java-1.31.0-win32-x64\jre\17.0.11-win32-x86_64\bin\zip.dll
Event: 0.189 Loaded shared library C:\Users\Mac\.vscode\extensions\redhat.java-1.31.0-win32-x64\jre\17.0.11-win32-x86_64\bin\jimage.dll
Event: 0.246 Loaded shared library c:\Users\Mac\.vscode\extensions\redhat.java-1.31.0-win32-x64\jre\17.0.11-win32-x86_64\bin\verify.dll
Event: 1.282 Loaded shared library C:\Users\Mac\AppData\Roaming\Code\User\globalStorage\redhat.java\1.31.0\config_win\org.eclipse.equinox.launcher\org.eclipse.equinox.launcher.win32.win32.x86_64_1.2.1000.v20240507-1834\eclipse_11902.dll
Event: 6.632 Loaded shared library C:\Users\Mac\AppData\Local\Temp\jna-77103\jna16263326427193112926.dll

Deoptimization events (20 events):
Event: 6.523 Thread 0x0000021763d7dc90 DEOPT PACKING pc=0x00000217527e6fb8 sp=0x000000b389afb6c0
Event: 6.523 Thread 0x0000021763d7dc90 DEOPT UNPACKING pc=0x00000217520b66a3 sp=0x000000b389afb640 mode 2
Event: 6.530 Thread 0x00000217640ed750 Uncommon trap: trap_request=0xffffff45 fr.pc=0x00000217529a6fa8 relative=0x0000000000000b48
Event: 6.530 Thread 0x00000217640ed750 Uncommon trap: reason=unstable_if action=reinterpret pc=0x00000217529a6fa8 method=sun.nio.cs.StreamDecoder.read0()I @ 39 c2
Event: 6.530 Thread 0x00000217640ed750 DEOPT PACKING pc=0x00000217529a6fa8 sp=0x000000b38a4fde00
Event: 6.530 Thread 0x00000217640ed750 DEOPT UNPACKING pc=0x00000217520b66a3 sp=0x000000b38a4fdb98 mode 2
Event: 6.533 Thread 0x00000217640ed750 Uncommon trap: trap_request=0xffffff45 fr.pc=0x00000217529abc80 relative=0x0000000000000e40
Event: 6.533 Thread 0x00000217640ed750 Uncommon trap: reason=unstable_if action=reinterpret pc=0x00000217529abc80 method=sun.nio.cs.StreamDecoder.read0()I @ 39 c2
Event: 6.533 Thread 0x00000217640ed750 DEOPT PACKING pc=0x00000217529abc80 sp=0x000000b38a4fdce0
Event: 6.533 Thread 0x00000217640ed750 DEOPT UNPACKING pc=0x00000217520b66a3 sp=0x000000b38a4fdc60 mode 2
Event: 6.656 Thread 0x0000021763d7dc90 Uncommon trap: trap_request=0xffffff45 fr.pc=0x00000217528e0e6c relative=0x0000000000000c0c
Event: 6.656 Thread 0x0000021763d7dc90 Uncommon trap: reason=unstable_if action=reinterpret pc=0x00000217528e0e6c method=jdk.internal.org.objectweb.asm.SymbolTable.put(Ljdk/internal/org/objectweb/asm/SymbolTable$Entry;)Ljdk/internal/org/objectweb/asm/SymbolTable$Entry; @ 13 c2
Event: 6.656 Thread 0x0000021763d7dc90 DEOPT PACKING pc=0x00000217528e0e6c sp=0x000000b389afba90
Event: 6.656 Thread 0x0000021763d7dc90 DEOPT UNPACKING pc=0x00000217520b66a3 sp=0x000000b389afb9d8 mode 2
Event: 6.668 Thread 0x0000021763d7dc90 Uncommon trap: trap_request=0xffffff45 fr.pc=0x00000217528bf340 relative=0x00000000000003a0
Event: 6.668 Thread 0x0000021763d7dc90 Uncommon trap: reason=unstable_if action=reinterpret pc=0x00000217528bf340 method=java.lang.Integer.parseInt(Ljava/lang/String;I)I @ 119 c2
Event: 6.668 Thread 0x0000021763d7dc90 DEOPT PACKING pc=0x00000217528bf340 sp=0x000000b389afc950
Event: 6.668 Thread 0x0000021763d7dc90 DEOPT UNPACKING pc=0x00000217520b66a3 sp=0x000000b389afc8b8 mode 2
Event: 6.704 Thread 0x0000021763d7e410 DEOPT PACKING pc=0x000002174ae75629 sp=0x000000b3899fee70
Event: 6.704 Thread 0x0000021763d7e410 DEOPT UNPACKING pc=0x00000217520b6e43 sp=0x000000b3899fe2c8 mode 3

Classes unloaded (7 events):
Event: 5.959 Thread 0x000002174802e7d0 Unloading class 0x0000000100250400 'java/lang/invoke/LambdaForm$MH+0x0000000100250400'
Event: 5.959 Thread 0x000002174802e7d0 Unloading class 0x0000000100250000 'java/lang/invoke/LambdaForm$MH+0x0000000100250000'
Event: 5.959 Thread 0x000002174802e7d0 Unloading class 0x000000010024bc00 'java/lang/invoke/LambdaForm$MH+0x000000010024bc00'
Event: 5.959 Thread 0x000002174802e7d0 Unloading class 0x000000010024b800 'java/lang/invoke/LambdaForm$MH+0x000000010024b800'
Event: 5.959 Thread 0x000002174802e7d0 Unloading class 0x000000010024b400 'java/lang/invoke/LambdaForm$BMH+0x000000010024b400'
Event: 5.959 Thread 0x000002174802e7d0 Unloading class 0x000000010024b000 'java/lang/invoke/LambdaForm$DMH+0x000000010024b000'
Event: 5.959 Thread 0x000002174802e7d0 Unloading class 0x0000000100248400 'java/lang/invoke/LambdaForm$DMH+0x0000000100248400'

Classes redefined (0 events):
No events

Internal exceptions (20 events):
Event: 4.381 Thread 0x00000217640ed750 Exception <a 'java/lang/NoSuchMethodError'{0x00000000ebfc7608}: 'int java.lang.invoke.DirectMethodHandle$Holder.invokeStaticInit(java.lang.Object, float, float)'> (0x00000000ebfc7608) 
thrown [s\src\hotspot\share\interpreter\linkResolver.cpp, line 759]
Event: 4.381 Thread 0x00000217640ed750 Exception <a 'java/lang/NoSuchMethodError'{0x00000000ebfce6a0}: 'int java.lang.invoke.DirectMethodHandle$Holder.invokeStaticInit(java.lang.Object, double, double)'> (0x00000000ebfce6a0) 
thrown [s\src\hotspot\share\interpreter\linkResolver.cpp, line 759]
Event: 4.382 Thread 0x00000217640ed750 Exception <a 'java/lang/NoSuchMethodError'{0x00000000ebfd2ee8}: 'int java.lang.invoke.DirectMethodHandle$Holder.invokeStatic(java.lang.Object, long)'> (0x00000000ebfd2ee8) 
thrown [s\src\hotspot\share\interpreter\linkResolver.cpp, line 759]
Event: 4.383 Thread 0x00000217640ed750 Exception <a 'java/lang/NoSuchMethodError'{0x00000000ebffb700}: 'int java.lang.invoke.Invokers$Holder.linkToTargetMethod(java.lang.Object, java.lang.Object)'> (0x00000000ebffb700) 
thrown [s\src\hotspot\share\interpreter\linkResolver.cpp, line 759]
Event: 4.515 Thread 0x00000217640eb3e0 Exception <a 'java/lang/NoSuchMethodError'{0x00000000ec201268}: 'int java.lang.invoke.DirectMethodHandle$Holder.invokeSpecial(java.lang.Object, java.lang.Object, java.lang.Object, java.lang.Object)'> (0x00000000ec201268) 
thrown [s\src\hotspot\share\interpreter\linkResolver.cpp, line 759]
Event: 4.520 Thread 0x00000217640eb3e0 Exception <a 'java/lang/NoSuchMethodError'{0x00000000ec229148}: 'java.lang.Object java.lang.invoke.DirectMethodHandle$Holder.invokeStatic(java.lang.Object, int, java.lang.Object, java.lang.Object)'> (0x00000000ec229148) 
thrown [s\src\hotspot\share\interpreter\linkResolver.cpp, line 759]
Event: 4.520 Thread 0x00000217640eb3e0 Exception <a 'java/lang/NoSuchMethodError'{0x00000000ec22cf98}: 'java.lang.Object java.lang.invoke.DelegatingMethodHandle$Holder.delegate(java.lang.Object, int, java.lang.Object, java.lang.Object)'> (0x00000000ec22cf98) 
thrown [s\src\hotspot\share\interpreter\linkResolver.cpp, line 759]
Event: 4.521 Thread 0x00000217640eb3e0 Exception <a 'java/lang/NoSuchMethodError'{0x00000000ec242380}: 'int java.lang.invoke.Invokers$Holder.linkToTargetMethod(java.lang.Object, java.lang.Object, java.lang.Object)'> (0x00000000ec242380) 
thrown [s\src\hotspot\share\interpreter\linkResolver.cpp, line 759]
Event: 4.642 Thread 0x00000217640ed750 Exception <a 'java/lang/NoSuchMethodError'{0x00000000eac8bb28}: 'java.lang.Object java.lang.invoke.DirectMethodHandle$Holder.invokeSpecialIFC(java.lang.Object, java.lang.Object, java.lang.Object, java.lang.Object)'> (0x00000000eac8bb28) 
thrown [s\src\hotspot\share\interpreter\linkResolver.cpp, line 759]
Event: 4.872 Thread 0x00000217640ed750 Exception <a 'java/lang/NoSuchMethodError'{0x00000000eac47a88}: 'int java.lang.invoke.DirectMethodHandle$Holder.invokeSpecialIFC(java.lang.Object, java.lang.Object, java.lang.Object, java.lang.Object, java.lang.Object)'> (0x00000000eac47a88) 
thrown [s\src\hotspot\share\interpreter\linkResolver.cpp, line 759]
Event: 4.914 Thread 0x0000021763d7dc90 Exception <a 'java/io/FileNotFoundException'{0x00000000ebab3550}> (0x00000000ebab3550) 
thrown [s\src\hotspot\share\prims\jni.cpp, line 516]
Event: 5.951 Thread 0x0000021763d7dc90 Exception <a 'java/lang/NoSuchMethodError'{0x00000000eb001610}: 'java.lang.Object java.lang.invoke.DirectMethodHandle$Holder.invokeStaticInit(java.lang.Object, int, int, int, int)'> (0x00000000eb001610) 
thrown [s\src\hotspot\share\interpreter\linkResolver.cpp, line 759]
Event: 6.075 Thread 0x00000217640ed750 Exception <a 'java/lang/NoClassDefFoundError'{0x00000000eac4e4d0}: javax/enterprise/inject/Typed> (0x00000000eac4e4d0) 
thrown [s\src\hotspot\share\classfile\systemDictionary.cpp, line 245]
Event: 6.191 Thread 0x0000021763d7dc90 Exception <a 'java/lang/NoSuchMethodError'{0x00000000eade6bf0}: 'java.lang.Object java.lang.invoke.DirectMethodHandle$Holder.invokeStaticInit(java.lang.Object, java.lang.Object, int, int, int, int)'> (0x00000000eade6bf0) 
thrown [s\src\hotspot\share\interpreter\linkResolver.cpp, line 759]
Event: 6.416 Thread 0x0000021763d7dc90 Exception <a 'java/lang/ClassNotFoundException'{0x00000000eb343b08}: com/sun/org/apache/xml/internal/serializer/spi/XMLEntitiesProvider> (0x00000000eb343b08) 
thrown [s\src\hotspot\share\classfile\systemDictionary.cpp, line 256]
Event: 6.498 Thread 0x0000021763d7dc90 Exception <a 'java/io/FileNotFoundException'{0x00000000ebb7ce68}> (0x00000000ebb7ce68) 
thrown [s\src\hotspot\share\prims\jni.cpp, line 516]
Event: 6.662 Thread 0x0000021763d7dc90 Exception <a 'java/lang/UnsatisfiedLinkError'{0x00000000eb0e89e0}: Не найдена указанная процедура.
> (0x00000000eb0e89e0) 
thrown [s\src\hotspot\share\prims\jni.cpp, line 535]
Event: 6.667 Thread 0x0000021763d7dc90 Exception <a 'java/io/FileNotFoundException'{0x00000000eb1113c8}> (0x00000000eb1113c8) 
thrown [s\src\hotspot\share\prims\jni.cpp, line 516]
Event: 6.677 Thread 0x0000021763d7dc90 Exception <a 'java/io/FileNotFoundException'{0x00000000eb2797f0}> (0x00000000eb2797f0) 
thrown [s\src\hotspot\share\prims\jni.cpp, line 516]
Event: 6.687 Thread 0x0000021763d7dc90 Exception <a 'java/lang/UnsatisfiedLinkError'{0x00000000eb410bc0}: Не найдена указанная процедура.
> (0x00000000eb410bc0) 
thrown [s\src\hotspot\share\prims\jni.cpp, line 535]

VM Operations (20 events):
Event: 5.993 Executing VM operation: CollectForMetadataAllocation
Event: 5.993 Executing VM operation: CollectForMetadataAllocation done
Event: 6.186 Executing VM operation: HandshakeAllThreads
Event: 6.186 Executing VM operation: HandshakeAllThreads done
Event: 6.376 Executing VM operation: HandshakeAllThreads
Event: 6.376 Executing VM operation: HandshakeAllThreads done
Event: 6.391 Executing VM operation: HandshakeAllThreads
Event: 6.391 Executing VM operation: HandshakeAllThreads done
Event: 6.415 Executing VM operation: HandshakeAllThreads
Event: 6.415 Executing VM operation: HandshakeAllThreads done
Event: 6.418 Executing VM operation: HandshakeAllThreads
Event: 6.418 Executing VM operation: HandshakeAllThreads done
Event: 6.476 Executing VM operation: HandshakeAllThreads
Event: 6.476 Executing VM operation: HandshakeAllThreads done
Event: 6.574 Executing VM operation: ParallelGCFailedAllocation
Event: 6.575 Executing VM operation: ParallelGCFailedAllocation done
Event: 6.646 Executing VM operation: HandshakeAllThreads
Event: 6.646 Executing VM operation: HandshakeAllThreads done
Event: 6.647 Executing VM operation: HandshakeAllThreads
Event: 6.647 Executing VM operation: HandshakeAllThreads done

Events (20 events):
Event: 6.673 loading class javax/crypto/IllegalBlockSizeException
Event: 6.673 loading class javax/crypto/IllegalBlockSizeException done
Event: 6.673 loading class javax/crypto/BadPaddingException
Event: 6.673 loading class javax/crypto/BadPaddingException done
Event: 6.675 loading class java/security/InvalidAlgorithmParameterException
Event: 6.675 loading class java/security/InvalidAlgorithmParameterException done
Event: 6.675 loading class java/security/spec/InvalidKeySpecException
Event: 6.675 loading class java/security/spec/InvalidKeySpecException done
Event: 6.675 loading class javax/crypto/NoSuchPaddingException
Event: 6.675 loading class javax/crypto/NoSuchPaddingException done
Event: 6.675 loading class java/security/spec/InvalidParameterSpecException
Event: 6.676 loading class java/security/spec/InvalidParameterSpecException done
Event: 6.676 loading class javax/crypto/spec/PBEKeySpec
Event: 6.676 loading class javax/crypto/spec/PBEKeySpec done
Event: 6.686 loading class jdk/internal/reflect/UnsafeBooleanFieldAccessorImpl
Event: 6.686 loading class jdk/internal/reflect/UnsafeBooleanFieldAccessorImpl done
Event: 6.716 loading class java/util/concurrent/Executors$DefaultThreadFactory
Event: 6.716 loading class java/util/concurrent/Executors$DefaultThreadFactory done
Event: 6.728 loading class javax/xml/parsers/FactoryConfigurationError
Event: 6.728 loading class javax/xml/parsers/FactoryConfigurationError done


Dynamic libraries:
0x00007ff699850000 - 0x00007ff69985e000 	c:\Users\Mac\.vscode\extensions\redhat.java-1.31.0-win32-x64\jre\17.0.11-win32-x86_64\bin\java.exe
0x00007fffedd70000 - 0x00007fffedf87000 	C:\Windows\SYSTEM32\ntdll.dll
0x00007fffecd80000 - 0x00007fffece44000 	C:\Windows\System32\KERNEL32.DLL
0x00007fffeb240000 - 0x00007fffeb5ec000 	C:\Windows\System32\KERNELBASE.dll
0x00007fffeb860000 - 0x00007fffeb971000 	C:\Windows\System32\ucrtbase.dll
0x00007fff9d8b0000 - 0x00007fff9d8cb000 	c:\Users\Mac\.vscode\extensions\redhat.java-1.31.0-win32-x64\jre\17.0.11-win32-x86_64\bin\VCRUNTIME140.dll
0x00007fffbbd70000 - 0x00007fffbbd87000 	c:\Users\Mac\.vscode\extensions\redhat.java-1.31.0-win32-x64\jre\17.0.11-win32-x86_64\bin\jli.dll
0x00007fffeca10000 - 0x00007fffecbbe000 	C:\Windows\System32\USER32.dll
0x00007fffeb830000 - 0x00007fffeb856000 	C:\Windows\System32\win32u.dll
0x00007fffd82f0000 - 0x00007fffd8583000 	C:\Windows\WinSxS\amd64_microsoft.windows.common-controls_6595b64144ccf1df_6.0.22621.3672_none_2713b9d173822955\COMCTL32.dll
0x00007fffec140000 - 0x00007fffec169000 	C:\Windows\System32\GDI32.dll
0x00007fffebcf0000 - 0x00007fffebd97000 	C:\Windows\System32\msvcrt.dll
0x00007fffeb710000 - 0x00007fffeb829000 	C:\Windows\System32\gdi32full.dll
0x00007fffeb670000 - 0x00007fffeb70a000 	C:\Windows\System32\msvcp_win.dll
0x00007fffed780000 - 0x00007fffed7b1000 	C:\Windows\System32\IMM32.DLL
0x00007fffc54e0000 - 0x00007fffc54ec000 	c:\Users\Mac\.vscode\extensions\redhat.java-1.31.0-win32-x64\jre\17.0.11-win32-x86_64\bin\vcruntime140_1.dll
0x00007ffef2220000 - 0x00007ffef22ad000 	c:\Users\Mac\.vscode\extensions\redhat.java-1.31.0-win32-x64\jre\17.0.11-win32-x86_64\bin\msvcp140.dll
0x00007ffeeaa70000 - 0x00007ffeeb6d2000 	c:\Users\Mac\.vscode\extensions\redhat.java-1.31.0-win32-x64\jre\17.0.11-win32-x86_64\bin\server\jvm.dll
0x00007fffed7c0000 - 0x00007fffed872000 	C:\Windows\System32\ADVAPI32.dll
0x00007fffebc40000 - 0x00007fffebce8000 	C:\Windows\System32\sechost.dll
0x00007fffeb210000 - 0x00007fffeb238000 	C:\Windows\System32\bcrypt.dll
0x00007fffec000000 - 0x00007fffec115000 	C:\Windows\System32\RPCRT4.dll
0x00007fffc5750000 - 0x00007fffc5759000 	C:\Windows\SYSTEM32\WSOCK32.dll
0x00007fffe9ef0000 - 0x00007fffe9f3d000 	C:\Windows\SYSTEM32\POWRPROF.dll
0x00007fffe2620000 - 0x00007fffe2654000 	C:\Windows\SYSTEM32\WINMM.dll
0x00007fffec940000 - 0x00007fffec9b1000 	C:\Windows\System32\WS2_32.dll
0x00007fffe1cd0000 - 0x00007fffe1cda000 	C:\Windows\SYSTEM32\VERSION.dll
0x00007fffe9ed0000 - 0x00007fffe9ee3000 	C:\Windows\SYSTEM32\UMPDC.dll
0x00007fffea180000 - 0x00007fffea198000 	C:\Windows\SYSTEM32\kernel.appcore.dll
0x00007fffb2290000 - 0x00007fffb229a000 	c:\Users\Mac\.vscode\extensions\redhat.java-1.31.0-win32-x64\jre\17.0.11-win32-x86_64\bin\jimage.dll
0x00007fffe8730000 - 0x00007fffe8962000 	C:\Windows\SYSTEM32\DBGHELP.DLL
0x00007fffed9a0000 - 0x00007fffedd28000 	C:\Windows\System32\combase.dll
0x00007fffec380000 - 0x00007fffec457000 	C:\Windows\System32\OLEAUT32.dll
0x00007fffdf340000 - 0x00007fffdf372000 	C:\Windows\SYSTEM32\dbgcore.DLL
0x00007fffeb5f0000 - 0x00007fffeb66b000 	C:\Windows\System32\bcryptPrimitives.dll
0x00007fffb08c0000 - 0x00007fffb08ce000 	c:\Users\Mac\.vscode\extensions\redhat.java-1.31.0-win32-x64\jre\17.0.11-win32-x86_64\bin\instrument.dll
0x00007fff541f0000 - 0x00007fff54215000 	c:\Users\Mac\.vscode\extensions\redhat.java-1.31.0-win32-x64\jre\17.0.11-win32-x86_64\bin\java.dll
0x00007fff6ff50000 - 0x00007fff6ff68000 	c:\Users\Mac\.vscode\extensions\redhat.java-1.31.0-win32-x64\jre\17.0.11-win32-x86_64\bin\zip.dll
0x00007fffecf10000 - 0x00007fffed76c000 	C:\Windows\System32\SHELL32.dll
0x00007fffe8f80000 - 0x00007fffe9877000 	C:\Windows\SYSTEM32\windows.storage.dll
0x00007fffe8e40000 - 0x00007fffe8f7f000 	C:\Windows\SYSTEM32\wintypes.dll
0x00007fffebb40000 - 0x00007fffebc34000 	C:\Windows\System32\SHCORE.dll
0x00007fffebe40000 - 0x00007fffebe9e000 	C:\Windows\System32\shlwapi.dll
0x00007fffeafd0000 - 0x00007fffeaff1000 	C:\Windows\SYSTEM32\profapi.dll
0x00007fff6b720000 - 0x00007fff6b739000 	C:\Users\Mac\.vscode\extensions\redhat.java-1.31.0-win32-x64\jre\17.0.11-win32-x86_64\bin\net.dll
0x00007fffe4780000 - 0x00007fffe48b6000 	C:\Windows\SYSTEM32\WINHTTP.dll
0x00007fffea5e0000 - 0x00007fffea649000 	C:\Windows\system32\mswsock.dll
0x00007fff56d70000 - 0x00007fff56d86000 	C:\Users\Mac\.vscode\extensions\redhat.java-1.31.0-win32-x64\jre\17.0.11-win32-x86_64\bin\nio.dll
0x00007fffb0870000 - 0x00007fffb0880000 	c:\Users\Mac\.vscode\extensions\redhat.java-1.31.0-win32-x64\jre\17.0.11-win32-x86_64\bin\verify.dll
0x00007fff9dcc0000 - 0x00007fff9dd04000 	C:\Users\Mac\AppData\Roaming\Code\User\globalStorage\redhat.java\1.31.0\config_win\org.eclipse.equinox.launcher\org.eclipse.equinox.launcher.win32.win32.x86_64_1.2.1000.v20240507-1834\eclipse_11902.dll
0x00007fffec170000 - 0x00007fffec315000 	C:\Windows\System32\ole32.dll
0x00007fffea930000 - 0x00007fffea94b000 	C:\Windows\SYSTEM32\CRYPTSP.dll
0x00007fffea0e0000 - 0x00007fffea115000 	C:\Windows\system32\rsaenh.dll
0x00007fffea680000 - 0x00007fffea6a8000 	C:\Windows\SYSTEM32\USERENV.dll
0x00007fffea910000 - 0x00007fffea91c000 	C:\Windows\SYSTEM32\CRYPTBASE.dll
0x00007fffe9b50000 - 0x00007fffe9b7d000 	C:\Windows\SYSTEM32\IPHLPAPI.DLL
0x00007fffebe30000 - 0x00007fffebe39000 	C:\Windows\System32\NSI.dll
0x00007fffe3ef0000 - 0x00007fffe3f09000 	C:\Windows\SYSTEM32\dhcpcsvc6.DLL
0x00007fffe3e30000 - 0x00007fffe3e4f000 	C:\Windows\SYSTEM32\dhcpcsvc.DLL
0x00007fffe9b80000 - 0x00007fffe9c78000 	C:\Windows\SYSTEM32\DNSAPI.dll
0x00007fff9dbe0000 - 0x00007fff9dc25000 	C:\Users\Mac\AppData\Local\Temp\jna-77103\jna16263326427193112926.dll
0x00007fffebb30000 - 0x00007fffebb38000 	C:\Windows\System32\PSAPI.DLL

dbghelp: loaded successfully - version: 4.0.5 - missing functions: none
symbol engine: initialized successfully - sym options: 0x614 - pdb path: .;c:\Users\Mac\.vscode\extensions\redhat.java-1.31.0-win32-x64\jre\17.0.11-win32-x86_64\bin;C:\Windows\SYSTEM32;C:\Windows\WinSxS\amd64_microsoft.windows.common-controls_6595b64144ccf1df_6.0.22621.3672_none_2713b9d173822955;c:\Users\Mac\.vscode\extensions\redhat.java-1.31.0-win32-x64\jre\17.0.11-win32-x86_64\bin\server;C:\Users\Mac\AppData\Roaming\Code\User\globalStorage\redhat.java\1.31.0\config_win\org.eclipse.equinox.launcher\org.eclipse.equinox.launcher.win32.win32.x86_64_1.2.1000.v20240507-1834;C:\Users\Mac\AppData\Local\Temp\jna-77103

VM Arguments:
jvm_args: --add-modules=ALL-SYSTEM --add-opens=java.base/java.util=ALL-UNNAMED --add-opens=java.base/java.lang=ALL-UNNAMED --add-opens=java.base/sun.nio.fs=ALL-UNNAMED -Declipse.application=org.eclipse.jdt.ls.core.id1 -Dosgi.bundles.defaultStartLevel=4 -Declipse.product=org.eclipse.jdt.ls.core.product -Djava.import.generatesMetadataFilesAtProjectRoot=false -DDetectVMInstallationsJob.disabled=true -Dfile.encoding=utf8 -XX:+UseParallelGC -XX:GCTimeRatio=4 -XX:AdaptiveSizePolicyWeight=90 -Dsun.zip.disableMemoryMapping=true -Xmx1G -Xms100m -Xlog:disable -javaagent:c:\Users\Mac\.vscode\extensions\redhat.java-1.31.0-win32-x64\lombok\lombok-1.18.32.jar -XX:+HeapDumpOnOutOfMemoryError -XX:HeapDumpPath=c:\Users\Mac\AppData\Roaming\Code\User\workspaceStorage\58ea509a4ab2f3b9a5b1898c3bd76dc2\redhat.java -Daether.dependencyCollector.impl=bf 
java_command: c:\Users\Mac\.vscode\extensions\redhat.java-1.31.0-win32-x64\server\plugins\org.eclipse.equinox.launcher_1.6.800.v20240513-1750.jar -configuration c:\Users\Mac\AppData\Roaming\Code\User\globalStorage\redhat.java\1.31.0\config_win -data c:\Users\Mac\AppData\Roaming\Code\User\workspaceStorage\58ea509a4ab2f3b9a5b1898c3bd76dc2\redhat.java\jdt_ws --pipe=\\.\pipe\lsp-c78eebe09ec90c0a60fc1c3df6ef1549-sock
java_class_path (initial): c:\Users\Mac\.vscode\extensions\redhat.java-1.31.0-win32-x64\server\plugins\org.eclipse.equinox.launcher_1.6.800.v20240513-1750.jar
Launcher Type: SUN_STANDARD

[Global flags]
    uintx AdaptiveSizePolicyWeight                 = 90                                        {product} {command line}
     intx CICompilerCount                          = 12                                        {product} {ergonomic}
    uintx GCTimeRatio                              = 4                                         {product} {command line}
     bool HeapDumpOnOutOfMemoryError               = true                                   {manageable} {command line}
    ccstr HeapDumpPath                             = c:\Users\Mac\AppData\Roaming\Code\User\workspaceStorage\58ea509a4ab2f3b9a5b1898c3bd76dc2\redhat.java         {manageable} {command line}
   size_t InitialHeapSize                          = 104857600                                 {product} {command line}
   size_t MaxHeapSize                              = 1073741824                                {product} {command line}
   size_t MaxNewSize                               = 357564416                                 {product} {ergonomic}
   size_t MinHeapDeltaBytes                        = 524288                                    {product} {ergonomic}
   size_t MinHeapSize                              = 104857600                                 {product} {command line}
   size_t NewSize                                  = 34603008                                  {product} {ergonomic}
    uintx NonNMethodCodeHeapSize                   = 7602480                                {pd product} {ergonomic}
    uintx NonProfiledCodeHeapSize                  = 122027880                              {pd product} {ergonomic}
   size_t OldSize                                  = 70254592                                  {product} {ergonomic}
    uintx ProfiledCodeHeapSize                     = 122027880                              {pd product} {ergonomic}
    uintx ReservedCodeCacheSize                    = 251658240                              {pd product} {ergonomic}
     bool SegmentedCodeCache                       = true                                      {product} {ergonomic}
   size_t SoftMaxHeapSize                          = 1073741824                             {manageable} {ergonomic}
     bool UseCompressedClassPointers               = true                           {product lp64_product} {ergonomic}
     bool UseCompressedOops                        = true                           {product lp64_product} {ergonomic}
     bool UseLargePagesIndividualAllocation        = false                                  {pd product} {ergonomic}
     bool UseParallelGC                            = true                                      {product} {command line}

Logging:
Log output configuration:
 #0: stdout all=off uptime,level,tags
 #1: stderr all=off uptime,level,tags

Environment Variables:
PATH=C:\Python312\Scripts\;C:\Python312\;C:\Program Files\Microsoft MPI\Bin\;C:\Program Files\Microsoft\jdk-11.0.16.101-hotspot\bin;C:\Program Files (x86)\Common Files\Oracle\Java\javapath;C:\Windows\system32;C:\Windows;C:\Windows\System32\Wbem;C:\Windows\System32\WindowsPowerShell\v1.0\;C:\Windows\System32\OpenSSH\;C:\Program Files\dotnet\;C:\TDM-GCC-64\bin;C:\Program Files (x86)\NVIDIA Corporation\PhysX\Common;C:\ProgramData\chocolatey\bin;C:\Program Files\Git\cmd;C:\Program Files\CMake\bin;C:\Program Files\Git LFS;C:\Program Files\nodejs\;C:\Program Files\NVIDIA Corporation\NVIDIA App\NvDLISR;M:\chat_rtx\env_nvd_rag\Lib\site-packages\torch\lib;C:\Program Files\PowerShell\7\;C:\Users\Mac\AppData\Local\Programs\Python\Python310\Scripts\;C:\Users\Mac\AppData\Local\Programs\Python\Python310\;C:\Users\Mac\AppData\Local\Microsoft\WindowsApps;C:\Users\Mac\.dotnet\tools;C:\Users\Mac\AppData\Local\Programs\Microsoft VS Code\bin;C:\ProgramData\Mac\GitHubDesktop\bin;C:\Users\Mac\AppData\Local\GitHubDesktop\bin;C:\Users\Mac\AppData\Roaming\npm
USERNAME=Mac
OS=Windows_NT
PROCESSOR_IDENTIFIER=Intel64 Family 6 Model 154 Stepping 3, GenuineIntel
TMP=C:\Users\Mac\AppData\Local\Temp
TEMP=C:\Users\Mac\AppData\Local\Temp



Periodic native trim disabled


---------------  S Y S T E M  ---------------

OS:
 Windows 11 , 64 bit Build 22621 (10.0.22621.3672)
OS uptime: 1 days 0:42 hours
Hyper-V role detected

CPU: total 16 (initial active 16) (8 cores per cpu, 2 threads per core) family 6 model 154 stepping 3 microcode 0x429, cx8, cmov, fxsr, ht, mmx, 3dnowpref, sse, sse2, sse3, ssse3, sse4.1, sse4.2, popcnt, lzcnt, tsc, tscinvbit, avx, avx2, aes, erms, clmul, bmi1, bmi2, adx, sha, fma, vzeroupper, clflush, clflushopt, clwb, hv
Processor Information for all 16 processors :
  Max Mhz: 2300, Current Mhz: 2300, Mhz Limit: 2300

Memory: 4k page, system-wide physical 15999M (265M free)
TotalPageFile size 65151M (AvailPageFile size 1M)
current process WorkingSet (physical memory assigned to process): 163M, peak: 169M
current process commit charge ("private bytes"): 276M, peak: 288M

vm_info: OpenJDK 64-Bit Server VM (17.0.11+9) for windows-amd64 JRE (17.0.11+9), built on Apr 17 2024 06:07:48 by "admin" with MS VC++ 16.10 / 16.11 (VS2019)

END.
